Exception in thread "main" java.net.UnknownHostException: irc.twitch.tv
	at java.net.AbstractPlainSocketImpl.connect(AbstractPlainSocketImpl.java:184)
	at java.net.PlainSocketImpl.connect(PlainSocketImpl.java:172)
	at java.net.SocksSocketImpl.connect(SocksSocketImpl.java:392)
	at java.net.Socket.connect(Socket.java:589)
	at java.net.Socket.connect(Socket.java:538)
	at java.net.Socket.<init>(Socket.java:434)
	at java.net.Socket.<init>(Socket.java:211)
	at org.jibble.pircbot.PircBot.connect(PircBot.java:140)
	at main.ShadyBottyMain.main(ShadyBottyMain.java:50)


-------------------------------------------------------------
RESTART ON Wed Mar 25 14:40:47 CET 2015
-------------------------------------------------------------




-------------------------------------------------------------
RESTART ON Wed Mar 25 15:31:30 CET 2015
-------------------------------------------------------------




-------------------------------------------------------------
RESTART ON Wed Mar 25 15:34:08 CET 2015
-------------------------------------------------------------


Exception in thread "main" java.net.ConnectException: Connection timed out: connect
	at java.net.DualStackPlainSocketImpl.connect0(Native Method)
	at java.net.DualStackPlainSocketImpl.socketConnect(DualStackPlainSocketImpl.java:79)
	at java.net.AbstractPlainSocketImpl.doConnect(AbstractPlainSocketImpl.java:345)
	at java.net.AbstractPlainSocketImpl.connectToAddress(AbstractPlainSocketImpl.java:206)
	at java.net.AbstractPlainSocketImpl.connect(AbstractPlainSocketImpl.java:188)
	at java.net.PlainSocketImpl.connect(PlainSocketImpl.java:172)
	at java.net.SocksSocketImpl.connect(SocksSocketImpl.java:392)
	at java.net.Socket.connect(Socket.java:589)
	at java.net.Socket.connect(Socket.java:538)
	at java.net.Socket.<init>(Socket.java:434)
	at java.net.Socket.<init>(Socket.java:211)
	at org.jibble.pircbot.PircBot.connect(PircBot.java:140)
	at main.ShadyBottyMain.main(ShadyBottyMain.java:53)


-------------------------------------------------------------
RESTART ON Wed Mar 25 18:06:38 CET 2015
-------------------------------------------------------------




-------------------------------------------------------------
RESTART ON Wed Mar 25 19:31:33 CET 2015
-------------------------------------------------------------


Exception in thread "main" java.net.ConnectException: Connection timed out: connect
	at java.net.DualStackPlainSocketImpl.connect0(Native Method)
	at java.net.DualStackPlainSocketImpl.socketConnect(DualStackPlainSocketImpl.java:79)
	at java.net.AbstractPlainSocketImpl.doConnect(AbstractPlainSocketImpl.java:345)
	at java.net.AbstractPlainSocketImpl.connectToAddress(AbstractPlainSocketImpl.java:206)
	at java.net.AbstractPlainSocketImpl.connect(AbstractPlainSocketImpl.java:188)
	at java.net.PlainSocketImpl.connect(PlainSocketImpl.java:172)
	at java.net.SocksSocketImpl.connect(SocksSocketImpl.java:392)
	at java.net.Socket.connect(Socket.java:589)
	at java.net.Socket.connect(Socket.java:538)
	at java.net.Socket.<init>(Socket.java:434)
	at java.net.Socket.<init>(Socket.java:211)
	at org.jibble.pircbot.PircBot.connect(PircBot.java:140)
	at main.ShadyBottyMain.main(ShadyBottyMain.java:54)


-------------------------------------------------------------
RESTART ON Thu Mar 26 16:56:45 CET 2015
-------------------------------------------------------------


java.net.ConnectException: Connection refused: connect
	at java.net.DualStackPlainSocketImpl.connect0(Native Method)
	at java.net.DualStackPlainSocketImpl.socketConnect(DualStackPlainSocketImpl.java:79)
	at java.net.AbstractPlainSocketImpl.doConnect(AbstractPlainSocketImpl.java:345)
	at java.net.AbstractPlainSocketImpl.connectToAddress(AbstractPlainSocketImpl.java:206)
	at java.net.AbstractPlainSocketImpl.connect(AbstractPlainSocketImpl.java:188)
	at java.net.PlainSocketImpl.connect(PlainSocketImpl.java:172)
	at java.net.SocksSocketImpl.connect(SocksSocketImpl.java:392)
	at java.net.Socket.connect(Socket.java:589)
	at java.net.Socket.connect(Socket.java:538)
	at java.net.Socket.<init>(Socket.java:434)
	at java.net.Socket.<init>(Socket.java:211)
	at org.jibble.pircbot.PircBot.connect(PircBot.java:140)
	at main.ShadyBottyMain.main(ShadyBottyMain.java:55)


-------------------------------------------------------------
RESTART ON Fri Mar 27 18:58:23 CET 2015
-------------------------------------------------------------


java.util.NoSuchElementException
	at java.util.StringTokenizer.nextToken(StringTokenizer.java:349)
	at org.jibble.pircbot.PircBot.handleLine(PircBot.java:892)
	at org.jibble.pircbot.PircBot.connect(PircBot.java:176)
	at main.ShadyBottyMain.main(ShadyBottyMain.java:55)
	at main.Frame.main(Frame.java:35)


-------------------------------------------------------------
RESTART ON Fri Mar 27 18:59:12 CET 2015
-------------------------------------------------------------


java.util.NoSuchElementException
	at java.util.StringTokenizer.nextToken(StringTokenizer.java:349)
	at org.jibble.pircbot.PircBot.handleLine(PircBot.java:892)
	at org.jibble.pircbot.PircBot.connect(PircBot.java:176)
	at main.ShadyBottyMain.main(ShadyBottyMain.java:55)


-------------------------------------------------------------
RESTART ON Fri Mar 27 18:59:54 CET 2015
-------------------------------------------------------------


java.util.NoSuchElementException
	at java.util.StringTokenizer.nextToken(StringTokenizer.java:349)
	at org.jibble.pircbot.PircBot.handleLine(PircBot.java:892)
	at org.jibble.pircbot.PircBot.connect(PircBot.java:176)
	at main.ShadyBottyMain.main(ShadyBottyMain.java:59)


-------------------------------------------------------------
RESTART ON Fri Mar 27 19:00:28 CET 2015
-------------------------------------------------------------


java.util.NoSuchElementException
	at java.util.StringTokenizer.nextToken(StringTokenizer.java:349)
	at org.jibble.pircbot.PircBot.handleLine(PircBot.java:892)
	at org.jibble.pircbot.PircBot.connect(PircBot.java:176)
	at main.ShadyBottyMain.main(ShadyBottyMain.java:56)


-------------------------------------------------------------
RESTART ON Fri Mar 27 19:00:53 CET 2015
-------------------------------------------------------------


java.util.NoSuchElementException
	at java.util.StringTokenizer.nextToken(StringTokenizer.java:349)
	at org.jibble.pircbot.PircBot.handleLine(PircBot.java:892)
	at org.jibble.pircbot.PircBot.connect(PircBot.java:176)
	at main.ShadyBottyMain.main(ShadyBottyMain.java:60)


-------------------------------------------------------------
RESTART ON Fri Mar 27 19:05:56 CET 2015
-------------------------------------------------------------


java.net.ConnectException: Connection timed out: connect
	at java.net.DualStackPlainSocketImpl.connect0(Native Method)
	at java.net.DualStackPlainSocketImpl.socketConnect(DualStackPlainSocketImpl.java:79)
	at java.net.AbstractPlainSocketImpl.doConnect(AbstractPlainSocketImpl.java:345)
	at java.net.AbstractPlainSocketImpl.connectToAddress(AbstractPlainSocketImpl.java:206)
	at java.net.AbstractPlainSocketImpl.connect(AbstractPlainSocketImpl.java:188)
	at java.net.PlainSocketImpl.connect(PlainSocketImpl.java:172)
	at java.net.SocksSocketImpl.connect(SocksSocketImpl.java:392)
	at java.net.Socket.connect(Socket.java:589)
	at java.net.Socket.connect(Socket.java:538)
	at java.net.Socket.<init>(Socket.java:434)
	at java.net.Socket.<init>(Socket.java:211)
	at org.jibble.pircbot.PircBot.connect(PircBot.java:140)
	at main.ShadyBottyMain.main(ShadyBottyMain.java:61)


-------------------------------------------------------------
RESTART ON Fri Mar 27 19:06:32 CET 2015
-------------------------------------------------------------


java.util.NoSuchElementException
	at java.util.StringTokenizer.nextToken(StringTokenizer.java:349)
	at org.jibble.pircbot.PircBot.handleLine(PircBot.java:892)
	at org.jibble.pircbot.PircBot.connect(PircBot.java:176)
	at main.ShadyBottyMain.main(ShadyBottyMain.java:61)


-------------------------------------------------------------
RESTART ON Fri Mar 27 22:02:03 CET 2015
-------------------------------------------------------------


java.net.UnknownHostException: irc.twitch.tv
	at java.net.AbstractPlainSocketImpl.connect(AbstractPlainSocketImpl.java:184)
	at java.net.PlainSocketImpl.connect(PlainSocketImpl.java:172)
	at java.net.SocksSocketImpl.connect(SocksSocketImpl.java:392)
	at java.net.Socket.connect(Socket.java:589)
	at java.net.Socket.connect(Socket.java:538)
	at java.net.Socket.<init>(Socket.java:434)
	at java.net.Socket.<init>(Socket.java:211)
	at org.jibble.pircbot.PircBot.connect(PircBot.java:140)
	at main.ShadyBottyMain.main(ShadyBottyMain.java:54)


-------------------------------------------------------------
RESTART ON Fri Mar 27 22:02:52 CET 2015
-------------------------------------------------------------


java.util.NoSuchElementException
	at java.util.StringTokenizer.nextToken(StringTokenizer.java:349)
	at org.jibble.pircbot.PircBot.handleLine(PircBot.java:892)
	at org.jibble.pircbot.PircBot.connect(PircBot.java:176)
	at main.ShadyBottyMain.main(ShadyBottyMain.java:61)


-------------------------------------------------------------
RESTART ON Fri Mar 27 22:03:55 CET 2015
-------------------------------------------------------------




-------------------------------------------------------------
RESTART ON Fri Mar 27 22:04:31 CET 2015
-------------------------------------------------------------




-------------------------------------------------------------
RESTART ON Fri Mar 27 22:05:35 CET 2015
-------------------------------------------------------------




-------------------------------------------------------------
RESTART ON Fri Mar 27 22:06:44 CET 2015
-------------------------------------------------------------




-------------------------------------------------------------
RESTART ON Wed Apr 08 17:41:32 CEST 2015
-------------------------------------------------------------


17:41:40  ################ STARTED UP CORRECTLY #############


-------------------------------------------------------------
RESTART ON Sat Apr 11 01:44:18 CEST 2015
-------------------------------------------------------------


1:44:27  ################ STARTED UP CORRECTLY #############


-------------------------------------------------------------
RESTART ON Sat Apr 11 01:46:04 CEST 2015
-------------------------------------------------------------


1:46:13  ################ STARTED UP CORRECTLY #############


-------------------------------------------------------------
RESTART ON Sat Apr 11 01:47:15 CEST 2015
-------------------------------------------------------------


1:47:25  ################ STARTED UP CORRECTLY #############


-------------------------------------------------------------
RESTART ON Sat Apr 11 01:48:28 CEST 2015
-------------------------------------------------------------


1:48:38  ################ STARTED UP CORRECTLY #############


-------------------------------------------------------------
RESTART ON Sat Apr 11 01:49:29 CEST 2015
-------------------------------------------------------------


1:49:38  ################ STARTED UP CORRECTLY #############


-------------------------------------------------------------
RESTART ON Sat Apr 11 01:51:58 CEST 2015
-------------------------------------------------------------


1:52:7  ################ STARTED UP CORRECTLY #############


-------------------------------------------------------------
RESTART ON Sat Apr 11 01:53:32 CEST 2015
-------------------------------------------------------------


1:53:41  ################ STARTED UP CORRECTLY #############


-------------------------------------------------------------
RESTART ON Sat Apr 11 01:55:46 CEST 2015
-------------------------------------------------------------


1:55:55  ################ STARTED UP CORRECTLY #############


-------------------------------------------------------------
RESTART ON Sat Apr 11 02:05:48 CEST 2015
-------------------------------------------------------------


2:5:57  ################ STARTED UP CORRECTLY #############


-------------------------------------------------------------
RESTART ON Sat Apr 11 02:07:16 CEST 2015
-------------------------------------------------------------


2:7:25  ################ STARTED UP CORRECTLY #############


-------------------------------------------------------------
RESTART ON Sat Apr 11 02:11:25 CEST 2015
-------------------------------------------------------------


2:11:34  ################ STARTED UP CORRECTLY #############


-------------------------------------------------------------
RESTART ON Sat Apr 11 02:15:35 CEST 2015
-------------------------------------------------------------


2:15:44  ################ STARTED UP CORRECTLY #############


-------------------------------------------------------------
RESTART ON Sat Apr 11 02:24:59 CEST 2015
-------------------------------------------------------------


2:25:8  ################ STARTED UP CORRECTLY #############


-------------------------------------------------------------
RESTART ON Sat Apr 11 02:26:19 CEST 2015
-------------------------------------------------------------


2:26:28  ################ STARTED UP CORRECTLY #############


-------------------------------------------------------------
RESTART ON Sat Apr 11 02:29:10 CEST 2015
-------------------------------------------------------------


2:29:19  ################ STARTED UP CORRECTLY #############


-------------------------------------------------------------
RESTART ON Sat Apr 11 02:30:24 CEST 2015
-------------------------------------------------------------


2:30:34  ################ STARTED UP CORRECTLY #############


-------------------------------------------------------------
RESTART ON Sat Apr 11 02:32:32 CEST 2015
-------------------------------------------------------------


2:32:41  ################ STARTED UP CORRECTLY #############


-------------------------------------------------------------
RESTART ON Sat Apr 11 02:35:06 CEST 2015
-------------------------------------------------------------


2:35:16  ################ STARTED UP CORRECTLY #############


-------------------------------------------------------------
RESTART ON Sat Apr 11 02:36:10 CEST 2015
-------------------------------------------------------------


2:36:22  ################ STARTED UP CORRECTLY #############


-------------------------------------------------------------
RESTART ON Sat Apr 11 02:40:42 CEST 2015
-------------------------------------------------------------




-------------------------------------------------------------
RESTART ON Sat Apr 11 02:44:05 CEST 2015
-------------------------------------------------------------


java.lang.NullPointerException
	at display.ChatFrame.<init>(ChatFrame.java:180)
	at display.ChatFrame.lambda$0(ChatFrame.java:89)
	at display.ChatFrame$$Lambda$6/846063400.run(Unknown Source)
	at java.awt.event.InvocationEvent.dispatch(InvocationEvent.java:311)
	at java.awt.EventQueue.dispatchEventImpl(EventQueue.java:744)
	at java.awt.EventQueue.access$400(EventQueue.java:97)
	at java.awt.EventQueue$3.run(EventQueue.java:697)
	at java.awt.EventQueue$3.run(EventQueue.java:691)
	at java.security.AccessController.doPrivileged(Native Method)
	at java.security.ProtectionDomain$1.doIntersectionPrivilege(ProtectionDomain.java:75)
	at java.awt.EventQueue.dispatchEvent(EventQueue.java:714)
	at java.awt.EventDispatchThread.pumpOneEventForFilters(EventDispatchThread.java:201)
	at java.awt.EventDispatchThread.pumpEventsForFilter(EventDispatchThread.java:116)
	at java.awt.EventDispatchThread.pumpEventsForHierarchy(EventDispatchThread.java:105)
	at java.awt.EventDispatchThread.pumpEvents(EventDispatchThread.java:101)
	at java.awt.EventDispatchThread.pumpEvents(EventDispatchThread.java:93)
	at java.awt.EventDispatchThread.run(EventDispatchThread.java:82)
2:44:14  ################ STARTED UP CORRECTLY #############


-------------------------------------------------------------
RESTART ON Sat Apr 11 02:44:26 CEST 2015
-------------------------------------------------------------


java.lang.NullPointerException
	at display.ChatFrame.<init>(ChatFrame.java:180)
	at display.ChatFrame.lambda$0(ChatFrame.java:89)
	at display.ChatFrame$$Lambda$6/846063400.run(Unknown Source)
	at java.awt.event.InvocationEvent.dispatch(InvocationEvent.java:311)
	at java.awt.EventQueue.dispatchEventImpl(EventQueue.java:744)
	at java.awt.EventQueue.access$400(EventQueue.java:97)
	at java.awt.EventQueue$3.run(EventQueue.java:697)
	at java.awt.EventQueue$3.run(EventQueue.java:691)
	at java.security.AccessController.doPrivileged(Native Method)
	at java.security.ProtectionDomain$1.doIntersectionPrivilege(ProtectionDomain.java:75)
	at java.awt.EventQueue.dispatchEvent(EventQueue.java:714)
	at java.awt.EventDispatchThread.pumpOneEventForFilters(EventDispatchThread.java:201)
	at java.awt.EventDispatchThread.pumpEventsForFilter(EventDispatchThread.java:116)
	at java.awt.EventDispatchThread.pumpEventsForHierarchy(EventDispatchThread.java:105)
	at java.awt.EventDispatchThread.pumpEvents(EventDispatchThread.java:101)
	at java.awt.EventDispatchThread.pumpEvents(EventDispatchThread.java:93)
	at java.awt.EventDispatchThread.run(EventDispatchThread.java:82)
2:44:35  ################ STARTED UP CORRECTLY #############


-------------------------------------------------------------
RESTART ON Sat Apr 11 02:45:18 CEST 2015
-------------------------------------------------------------


2:45:27  ################ STARTED UP CORRECTLY #############


-------------------------------------------------------------
RESTART ON Sat Apr 11 02:46:48 CEST 2015
-------------------------------------------------------------




-------------------------------------------------------------
RESTART ON Sat Apr 11 02:47:05 CEST 2015
-------------------------------------------------------------


2:47:14  ################ STARTED UP CORRECTLY #############


-------------------------------------------------------------
RESTART ON Sat Apr 11 02:49:29 CEST 2015
-------------------------------------------------------------


2:49:38  ################ STARTED UP CORRECTLY #############


-------------------------------------------------------------
RESTART ON Sat Apr 11 02:51:16 CEST 2015
-------------------------------------------------------------


2:51:24  ################ STARTED UP CORRECTLY #############


-------------------------------------------------------------
RESTART ON Sat Apr 11 02:57:33 CEST 2015
-------------------------------------------------------------


2:57:41  ################ STARTED UP CORRECTLY #############


-------------------------------------------------------------
RESTART ON Sat Apr 11 02:59:27 CEST 2015
-------------------------------------------------------------


2:59:36  ################ STARTED UP CORRECTLY #############


-------------------------------------------------------------
RESTART ON Sat Apr 11 03:03:45 CEST 2015
-------------------------------------------------------------


3:3:54  ################ STARTED UP CORRECTLY #############


-------------------------------------------------------------
RESTART ON Sat Apr 11 03:06:15 CEST 2015
-------------------------------------------------------------




-------------------------------------------------------------
RESTART ON Sat Apr 11 03:08:03 CEST 2015
-------------------------------------------------------------


3:8:11  ################ STARTED UP CORRECTLY #############


-------------------------------------------------------------
RESTART ON Sat Apr 11 03:09:47 CEST 2015
-------------------------------------------------------------




-------------------------------------------------------------
RESTART ON Sat Apr 11 03:13:25 CEST 2015
-------------------------------------------------------------




-------------------------------------------------------------
RESTART ON Sat Apr 11 03:13:40 CEST 2015
-------------------------------------------------------------


3:13:49  ################ STARTED UP CORRECTLY #############


-------------------------------------------------------------
RESTART ON Tue Apr 14 16:41:12 CEST 2015
-------------------------------------------------------------


16:41:23  ################ STARTED UP CORRECTLY #############


-------------------------------------------------------------
RESTART ON Tue Apr 14 16:47:23 CEST 2015
-------------------------------------------------------------


16:47:35  ################ STARTED UP CORRECTLY #############


-------------------------------------------------------------
RESTART ON Tue Apr 14 16:51:56 CEST 2015
-------------------------------------------------------------


16:52:6  ################ STARTED UP CORRECTLY #############


-------------------------------------------------------------
RESTART ON Tue Apr 14 16:54:07 CEST 2015
-------------------------------------------------------------


16:54:17  ################ STARTED UP CORRECTLY #############


-------------------------------------------------------------
RESTART ON Tue Apr 14 16:56:13 CEST 2015
-------------------------------------------------------------




-------------------------------------------------------------
RESTART ON Tue Apr 14 17:00:43 CEST 2015
-------------------------------------------------------------


17:0:54  ################ STARTED UP CORRECTLY #############


-------------------------------------------------------------
RESTART ON Tue Apr 14 17:18:49 CEST 2015
-------------------------------------------------------------


17:18:59  ################ STARTED UP CORRECTLY #############


-------------------------------------------------------------
RESTART ON Tue Apr 14 17:22:56 CEST 2015
-------------------------------------------------------------


17:23:6  ################ STARTED UP CORRECTLY #############


-------------------------------------------------------------
RESTART ON Tue Apr 14 17:28:50 CEST 2015
-------------------------------------------------------------


17:29:0  ################ STARTED UP CORRECTLY #############


-------------------------------------------------------------
RESTART ON Tue Apr 14 17:37:41 CEST 2015
-------------------------------------------------------------


17:37:52  ################ STARTED UP CORRECTLY #############


-------------------------------------------------------------
RESTART ON Tue Apr 14 18:16:19 CEST 2015
-------------------------------------------------------------


18:16:29  ################ STARTED UP CORRECTLY #############


-------------------------------------------------------------
RESTART ON Tue Apr 14 18:17:34 CEST 2015
-------------------------------------------------------------


18:17:44  ################ STARTED UP CORRECTLY #############


-------------------------------------------------------------
RESTART ON Tue Apr 14 18:18:28 CEST 2015
-------------------------------------------------------------


18:18:38  ################ STARTED UP CORRECTLY #############


-------------------------------------------------------------
RESTART ON Tue Apr 14 18:30:57 CEST 2015
-------------------------------------------------------------


18:31:7  ################ STARTED UP CORRECTLY #############


-------------------------------------------------------------
RESTART ON Tue Apr 14 18:36:32 CEST 2015
-------------------------------------------------------------


18:36:43  ################ STARTED UP CORRECTLY #############


-------------------------------------------------------------
RESTART ON Tue Apr 14 18:40:22 CEST 2015
-------------------------------------------------------------


18:40:32  ################ STARTED UP CORRECTLY #############


-------------------------------------------------------------
RESTART ON Thu Apr 16 14:00:02 CEST 2015
-------------------------------------------------------------


14:0:17  ################ STARTED UP CORRECTLY #############


-------------------------------------------------------------
RESTART ON Thu Apr 16 14:01:37 CEST 2015
-------------------------------------------------------------


14:1:46  ################ STARTED UP CORRECTLY #############


-------------------------------------------------------------
RESTART ON Thu Apr 16 14:05:34 CEST 2015
-------------------------------------------------------------


14:5:44  ################ STARTED UP CORRECTLY #############


-------------------------------------------------------------
RESTART ON Thu Apr 16 15:46:54 CEST 2015
-------------------------------------------------------------




-------------------------------------------------------------
RESTART ON Thu Apr 16 15:47:11 CEST 2015
-------------------------------------------------------------




-------------------------------------------------------------
RESTART ON Thu Apr 16 18:04:10 CEST 2015
-------------------------------------------------------------


18:4:21  ################ STARTED UP CORRECTLY #############


-------------------------------------------------------------
RESTART ON Thu Apr 16 18:05:49 CEST 2015
-------------------------------------------------------------


18:5:59  ################ STARTED UP CORRECTLY #############


-------------------------------------------------------------
RESTART ON Thu Apr 16 18:13:46 CEST 2015
-------------------------------------------------------------


18:13:55  ################ STARTED UP CORRECTLY #############


-------------------------------------------------------------
RESTART ON Thu Apr 16 18:18:13 CEST 2015
-------------------------------------------------------------


18:18:36  ################ STARTED UP CORRECTLY #############


-------------------------------------------------------------
RESTART ON Thu Apr 16 18:21:47 CEST 2015
-------------------------------------------------------------


18:22:3  ################ STARTED UP CORRECTLY #############


-------------------------------------------------------------
RESTART ON Thu Apr 16 18:23:17 CEST 2015
-------------------------------------------------------------


18:25:31  ################ STARTED UP CORRECTLY #############


-------------------------------------------------------------
RESTART ON Thu Apr 16 21:00:14 CEST 2015
-------------------------------------------------------------


21:0:24  ################ STARTED UP CORRECTLY #############


-------------------------------------------------------------
RESTART ON Thu Apr 16 21:02:29 CEST 2015
-------------------------------------------------------------


21:2:39  ################ STARTED UP CORRECTLY #############


-------------------------------------------------------------
RESTART ON Thu Apr 16 21:11:46 CEST 2015
-------------------------------------------------------------


21:11:56  ################ STARTED UP CORRECTLY #############


-------------------------------------------------------------
RESTART ON Thu Apr 16 21:15:20 CEST 2015
-------------------------------------------------------------


21:15:29  ################ STARTED UP CORRECTLY #############


-------------------------------------------------------------
RESTART ON Thu Apr 16 21:40:05 CEST 2015
-------------------------------------------------------------


21:40:15  ################ STARTED UP CORRECTLY #############


-------------------------------------------------------------
RESTART ON Thu Apr 16 21:40:39 CEST 2015
-------------------------------------------------------------


21:40:49  ################ STARTED UP CORRECTLY #############


-------------------------------------------------------------
RESTART ON Sun Apr 26 23:48:24 CEST 2015
-------------------------------------------------------------


23:48:37  ################ STARTED UP CORRECTLY #############


-------------------------------------------------------------
RESTART ON Sun Apr 26 23:51:48 CEST 2015
-------------------------------------------------------------


23:51:58  ################ STARTED UP CORRECTLY #############


-------------------------------------------------------------
RESTART ON Mon Apr 27 20:48:34 CEST 2015
-------------------------------------------------------------


20:48:55  ################ STARTED UP CORRECTLY #############


-------------------------------------------------------------
RESTART ON Mon Apr 27 20:49:29 CEST 2015
-------------------------------------------------------------


20:49:38  ################ STARTED UP CORRECTLY #############


-------------------------------------------------------------
RESTART ON Mon Apr 27 20:50:58 CEST 2015
-------------------------------------------------------------




-------------------------------------------------------------
RESTART ON Mon Apr 27 22:38:23 CEST 2015
-------------------------------------------------------------




-------------------------------------------------------------
RESTART ON Mon Apr 27 22:44:26 CEST 2015
-------------------------------------------------------------


22:49:21  Fort has won. p1=Fort  p2=The Innkeeper


-------------------------------------------------------------
RESTART ON Mon Apr 27 22:50:19 CEST 2015
-------------------------------------------------------------


22:53:8  The Innkeeper has won. p1=Fort  p2=The Innkeeper
22:53:8  score is now 0W 1L
22:56:56  Fort has won. p1=Fort  p2=The Innkeeper
22:56:56  score is now 1W 1L
23:2:52  Fort has won. p1=Fort  p2=IIuPaT
23:2:52  score is now 2W 1L
23:8:24  Fort has won. p1=Fort  p2=benratm
23:8:24  score is now 3W 1L
23:17:49  Fort has won. p1=ololorin  p2=Fort
23:17:49  score is now 4W 1L


-------------------------------------------------------------
RESTART ON Tue Apr 28 14:09:19 CEST 2015
-------------------------------------------------------------


14:9:34  ################ STARTED UP CORRECTLY #############


-------------------------------------------------------------
RESTART ON Tue Apr 28 14:09:41 CEST 2015
-------------------------------------------------------------


14:9:52  ################ STARTED UP CORRECTLY #############
14:14:29  last: null


-------------------------------------------------------------
RESTART ON Tue Apr 28 14:15:48 CEST 2015
-------------------------------------------------------------


14:15:57  ################ STARTED UP CORRECTLY #############
14:16:0  last: null
14:16:43  last: null
14:18:20  Alzander has won. p1=null  p2=null
14:18:20  score is now 0W 0L
14:19:0  last: null
14:21:7  The Innkeeper has won. p1=null  p2=null
14:21:7  score is now 0W 0L


-------------------------------------------------------------
RESTART ON Tue Apr 28 15:24:30 CEST 2015
-------------------------------------------------------------


15:24:40  ################ STARTED UP CORRECTLY #############
15:45:42  last: null
15:45:55  p1 corrected:paperclips
15:45:55  lastname corrected: paperclips
15:46:4  p2 corrected:DeepMan
15:59:51  DeepMan has won. p1=paperclips  p2=DeepMan
15:59:51  score is now 0W 1L
15:59:52  p2 corrected:DeepMan
16:1:10  last: null
16:1:25  p1 corrected:paperclips
16:1:25  lastname corrected: paperclips
16:7:31  PapaSmurf255 has won. p1=paperclips  p2=DeepMan
16:7:31  score is now 0W 1L
16:8:4  last: null
16:8:28  p2 corrected:paperclips
16:8:28  lastname corrected: paperclips
16:8:28  p1 corrected:celedora13
16:12:20  paperclips has won. p1=celedora13  p2=paperclips
16:12:20  score is now 1W 1L


-------------------------------------------------------------
RESTART ON Tue Apr 28 16:13:20 CEST 2015
-------------------------------------------------------------


16:13:30  ################ STARTED UP CORRECTLY #############
16:14:9  last: null
16:14:16  p2 corrected:Ants
16:15:32  p1 corrected:paperclips
16:15:32  lastname corrected: paperclips
16:24:11  Ants has won. p1=paperclips  p2=Ants
16:24:11  score is now 0W 1L


-------------------------------------------------------------
RESTART ON Mon May 04 00:23:11 CEST 2015
-------------------------------------------------------------




-------------------------------------------------------------
RESTART ON Mon May 04 00:24:17 CEST 2015
-------------------------------------------------------------




-------------------------------------------------------------
RESTART ON Mon May 04 00:24:44 CEST 2015
-------------------------------------------------------------




-------------------------------------------------------------
RESTART ON Mon May 04 16:55:14 CEST 2015
-------------------------------------------------------------


16:55:20  ################ STARTED UP CORRECTLY #############


-------------------------------------------------------------
RESTART ON Mon May 04 16:55:32 CEST 2015
-------------------------------------------------------------


16:55:39  ################ STARTED UP CORRECTLY #############
16:57:5  last: null
16:57:14  p2 corrected:BadHorseFeet
16:57:14  lastname corrected: BadHorseFeet
16:57:28  p1 corrected:HyugaHiei


-------------------------------------------------------------
RESTART ON Mon May 04 20:14:27 CEST 2015
-------------------------------------------------------------


20:14:29  ################ STARTED UP CORRECTLY #############
20:17:5  last: null id:2
20:17:14  pippermenthe has won. p1=null  p2=null
20:17:14  score is now 0W 1L
20:18:11  last: null id:2
20:18:28  [Zone] ZoneChangeList.ProcessChanges() - processing index=10 change=powerTask=[power=[type=TAG_CHANGE entity=[id=3 cardId= name=BadHorseFeet] tag=MULLIGAN_STATE value=WAITING] complete=False] entity=BadHorseFeet srcZoneTag=INVALID srcPos= dstZoneTag=INVALID dstPos=
20:18:28  p2 corrected:BadHorseFeet
20:18:28  lastname corrected: BadHorseFeet
20:18:37  [Zone] ZoneChangeList.ProcessChanges() - processing index=8 change=powerTask=[power=[type=TAG_CHANGE entity=[id=2 cardId= name=Shranz] tag=MULLIGAN_STATE value=WAITING] complete=False] entity=Shranz srcZoneTag=INVALID srcPos= dstZoneTag=INVALID dstPos=
20:18:37  p1 corrected:Shranz
20:23:56  BadHorseFeet has won. p1=Shranz  p2=BadHorseFeet
20:23:56  score is now 1W 1L
20:25:1  last: null id:1
20:25:18  [Zone] ZoneChangeList.ProcessChanges() - processing index=8 change=powerTask=[power=[type=TAG_CHANGE entity=[id=3 cardId= name=KimNguyen] tag=MULLIGAN_STATE value=WAITING] complete=False] entity=KimNguyen srcZoneTag=INVALID srcPos= dstZoneTag=INVALID dstPos=
20:25:18  p2 corrected:KimNguyen
20:25:24  [Zone] ZoneChangeList.ProcessChanges() - processing index=15 change=powerTask=[power=[type=TAG_CHANGE entity=[id=2 cardId= name=BadHorseFeet] tag=MULLIGAN_STATE value=WAITING] complete=False] entity=BadHorseFeet srcZoneTag=INVALID srcPos= dstZoneTag=INVALID dstPos=
20:25:24  p1 corrected:BadHorseFeet
20:25:24  lastname corrected: BadHorseFeet
20:32:13  KimNguyen has won. p1=BadHorseFeet  p2=KimNguyen
20:32:13  score is now 1W 2L
20:34:52  last: null id:2
20:35:10  [Zone] ZoneChangeList.ProcessChanges() - processing index=8 change=powerTask=[power=[type=TAG_CHANGE entity=[id=2 cardId= name=Zoltan] tag=MULLIGAN_STATE value=WAITING] complete=False] entity=Zoltan srcZoneTag=INVALID srcPos= dstZoneTag=INVALID dstPos=
20:35:10  p1 corrected:Zoltan
20:35:12  [Zone] ZoneChangeList.ProcessChanges() - processing index=5 change=powerTask=[power=[type=TAG_CHANGE entity=[id=3 cardId= name=BadHorseFeet] tag=MULLIGAN_STATE value=WAITING] complete=False] entity=BadHorseFeet srcZoneTag=INVALID srcPos= dstZoneTag=INVALID dstPos=
20:35:12  p2 corrected:BadHorseFeet
20:35:12  lastname corrected: BadHorseFeet
20:40:26  BadHorseFeet has won. p1=Zoltan  p2=BadHorseFeet
20:40:26  score is now 2W 2L
20:43:40  last: null id:2
20:43:57  [Zone] ZoneChangeList.ProcessChanges() - processing index=6 change=powerTask=[power=[type=TAG_CHANGE entity=[id=3 cardId= name=BadHorseFeet] tag=MULLIGAN_STATE value=WAITING] complete=False] entity=BadHorseFeet srcZoneTag=INVALID srcPos= dstZoneTag=INVALID dstPos=
20:43:57  p2 corrected:BadHorseFeet
20:43:57  lastname corrected: BadHorseFeet
20:43:58  [Zone] ZoneChangeList.ProcessChanges() - processing index=19 change=powerTask=[power=[type=TAG_CHANGE entity=[id=2 cardId= name=Bounce] tag=MULLIGAN_STATE value=WAITING] complete=False] entity=Bounce srcZoneTag=INVALID srcPos= dstZoneTag=INVALID dstPos=
20:43:58  p1 corrected:Bounce
20:49:44  Bounce has won. p1=Bounce  p2=BadHorseFeet
20:49:44  score is now 2W 3L
20:50:20  last: null id:1
20:50:40  [Zone] ZoneChangeList.ProcessChanges() - processing index=5 change=powerTask=[power=[type=TAG_CHANGE entity=[id=2 cardId= name=BadHorseFeet] tag=MULLIGAN_STATE value=WAITING] complete=False] entity=BadHorseFeet srcZoneTag=INVALID srcPos= dstZoneTag=INVALID dstPos=
20:50:40  p1 corrected:BadHorseFeet
20:50:40  lastname corrected: BadHorseFeet
20:50:44  [Zone] ZoneChangeList.ProcessChanges() - processing index=8 change=powerTask=[power=[type=TAG_CHANGE entity=[id=3 cardId= name=Blender] tag=MULLIGAN_STATE value=WAITING] complete=False] entity=Blender srcZoneTag=INVALID srcPos= dstZoneTag=INVALID dstPos=
20:50:44  p2 corrected:Blender


-------------------------------------------------------------
RESTART ON Mon May 04 20:51:15 CEST 2015
-------------------------------------------------------------


20:51:16  ################ STARTED UP CORRECTLY #############
20:54:38  BadHorseFeet has won. p1=null  p2=null
20:54:38  score is now 0W 1L
20:55:15  2=BadHorseFeet
20:55:15  1=V1sh
20:55:17  last: BadHorseFeet id:2
20:58:52  V1sh has won. p1=V1sh  p2=BadHorseFeet
20:58:52  score is now 0W 2L
21:0:19  2=BadHorseFeet
21:0:19  1=UNKNOWN HUMAN PLAYER
21:0:20  last: BadHorseFeet id:2
21:0:46  [Zone] ZoneChangeList.ProcessChanges() - processing index=14 change=powerTask=[power=[type=TAG_CHANGE entity=[id=2 cardId= name=DanSmith] tag=MULLIGAN_STATE value=WAITING] complete=False] entity=DanSmith srcZoneTag=INVALID srcPos= dstZoneTag=INVALID dstPos=
21:0:46  p1 corrected:DanSmith


-------------------------------------------------------------
RESTART ON Fri Jun 26 15:13:55 CEST 2015
-------------------------------------------------------------


15:14:8  ################ STARTED UP CORRECTLY #############
Exception in thread "Thread-5" java.lang.NullPointerException
	at main.SubCheckThread.run(SubCheckThread.java:32)


-------------------------------------------------------------
RESTART ON Fri Jun 26 15:14:42 CEST 2015
-------------------------------------------------------------


15:14:52  ################ STARTED UP CORRECTLY #############
Exception in thread "Thread-5" java.lang.NullPointerException
	at main.SubCheckThread.run(SubCheckThread.java:32)


-------------------------------------------------------------
RESTART ON Fri Jun 26 15:16:37 CEST 2015
-------------------------------------------------------------


15:16:47  ################ STARTED UP CORRECTLY #############


-------------------------------------------------------------
RESTART ON Fri Jun 26 15:18:04 CEST 2015
-------------------------------------------------------------


15:18:17  ################ STARTED UP CORRECTLY #############


-------------------------------------------------------------
RESTART ON Fri Jun 26 15:20:08 CEST 2015
-------------------------------------------------------------


15:20:18  ################ STARTED UP CORRECTLY #############


-------------------------------------------------------------
RESTART ON Fri Jun 26 15:22:28 CEST 2015
-------------------------------------------------------------


15:22:37  ################ STARTED UP CORRECTLY #############


-------------------------------------------------------------
RESTART ON Fri Jun 26 15:23:29 CEST 2015
-------------------------------------------------------------


15:23:39  ################ STARTED UP CORRECTLY #############


-------------------------------------------------------------
RESTART ON Fri Jun 26 15:24:47 CEST 2015
-------------------------------------------------------------


15:24:57  ################ STARTED UP CORRECTLY #############


-------------------------------------------------------------
RESTART ON Fri Jun 26 15:29:18 CEST 2015
-------------------------------------------------------------


15:29:29  ################ STARTED UP CORRECTLY #############


-------------------------------------------------------------
RESTART ON Fri Jun 26 15:31:07 CEST 2015
-------------------------------------------------------------


15:31:17  ################ STARTED UP CORRECTLY #############


-------------------------------------------------------------
RESTART ON Fri Jun 26 15:42:51 CEST 2015
-------------------------------------------------------------


15:43:1  ################ STARTED UP CORRECTLY #############


-------------------------------------------------------------
RESTART ON Fri Jun 26 15:43:45 CEST 2015
-------------------------------------------------------------


15:43:54  ################ STARTED UP CORRECTLY #############


-------------------------------------------------------------
RESTART ON Fri Jun 26 15:49:38 CEST 2015
-------------------------------------------------------------


15:49:47  ################ STARTED UP CORRECTLY #############


-------------------------------------------------------------
RESTART ON Fri Jun 26 15:54:38 CEST 2015
-------------------------------------------------------------


15:54:48  ################ STARTED UP CORRECTLY #############


-------------------------------------------------------------
RESTART ON Fri Jun 26 16:01:28 CEST 2015
-------------------------------------------------------------


16:1:38  ################ STARTED UP CORRECTLY #############


-------------------------------------------------------------
RESTART ON Fri Jun 26 19:19:35 CEST 2015
-------------------------------------------------------------


19:19:45  ################ STARTED UP CORRECTLY #############


-------------------------------------------------------------
RESTART ON Fri Jun 26 19:23:52 CEST 2015
-------------------------------------------------------------


19:24:2  ################ STARTED UP CORRECTLY #############


-------------------------------------------------------------
RESTART ON Fri Jun 26 19:24:26 CEST 2015
-------------------------------------------------------------


19:24:36  ################ STARTED UP CORRECTLY #############


-------------------------------------------------------------
RESTART ON Fri Jun 26 19:24:56 CEST 2015
-------------------------------------------------------------


19:25:5  ################ STARTED UP CORRECTLY #############


-------------------------------------------------------------
RESTART ON Fri Jun 26 20:04:06 CEST 2015
-------------------------------------------------------------


20:4:16  ################ STARTED UP CORRECTLY #############


-------------------------------------------------------------
RESTART ON Fri Jun 26 20:06:38 CEST 2015
-------------------------------------------------------------


20:6:48  ################ STARTED UP CORRECTLY #############


-------------------------------------------------------------
RESTART ON Fri Jun 26 20:15:29 CEST 2015
-------------------------------------------------------------


20:15:40  ################ STARTED UP CORRECTLY #############


-------------------------------------------------------------
RESTART ON Fri Jun 26 20:29:49 CEST 2015
-------------------------------------------------------------


20:30:0  ################ STARTED UP CORRECTLY #############


-------------------------------------------------------------
RESTART ON Fri Jun 26 20:37:18 CEST 2015
-------------------------------------------------------------


20:37:27  ################ STARTED UP CORRECTLY #############


-------------------------------------------------------------
RESTART ON Wed Jul 01 15:55:40 CEST 2015
-------------------------------------------------------------


org.jibble.pircbot.IrcException: Could not log into the IRC server: HTTP/1.1 400 Bad Request
	at org.jibble.pircbot.PircBot.connect(PircBot.java:205)
	at main.ShadyBottyMain.main(ShadyBottyMain.java:56)


-------------------------------------------------------------
RESTART ON Wed Jul 01 15:56:38 CEST 2015
-------------------------------------------------------------


org.jibble.pircbot.IrcException: Could not log into the IRC server: HTTP/1.1 400 Bad Request
	at org.jibble.pircbot.PircBot.connect(PircBot.java:205)
	at main.ShadyBottyMain.main(ShadyBottyMain.java:56)


-------------------------------------------------------------
RESTART ON Wed Jul 01 15:57:03 CEST 2015
-------------------------------------------------------------




-------------------------------------------------------------
RESTART ON Wed Jul 01 15:59:44 CEST 2015
-------------------------------------------------------------


15:59:52  ################ STARTED UP CORRECTLY #############


-------------------------------------------------------------
RESTART ON Wed Jul 01 16:14:35 CEST 2015
-------------------------------------------------------------


16:14:48  ################ STARTED UP CORRECTLY #############


-------------------------------------------------------------
RESTART ON Wed Jul 01 16:18:20 CEST 2015
-------------------------------------------------------------


16:18:33  ################ STARTED UP CORRECTLY #############


-------------------------------------------------------------
RESTART ON Wed Jul 01 16:20:43 CEST 2015
-------------------------------------------------------------


16:20:51  ################ STARTED UP CORRECTLY #############
